Using pre-set license
Built from '2020.3/staging' branch; Version is '2020.3.0f1 (c7b5465681fb) revision 13088070'; Using compiler version '192528614'; Build Type 'Release'
OS: 'Windows 10 Home; OS build 19045.4170; Version 2009; 64bit' Language: 'en' Physical Memory: 16310 MB
BatchMode: 1, IsHumanControllingUs: 0, StartBugReporterOnCrash: 0, Is64bit: 1, IsPro: 0

 COMMAND LINE ARGUMENTS:
C:\Program Files\Unity\Hub\Editor\2020.3.0f1\Editor\Unity.exe
-adb2
-batchMode
-noUpm
-name
AssetImportWorker0
-projectPath
C:/Users/lilli/OneDrive/Desktop/Robbys_Homework/SWDV 271/Week12/Hour 17
-logFile
Logs/AssetImportWorker0.log
-srvPort
61066
Successfully changed project path to: C:/Users/lilli/OneDrive/Desktop/Robbys_Homework/SWDV 271/Week12/Hour 17
C:/Users/lilli/OneDrive/Desktop/Robbys_Homework/SWDV 271/Week12/Hour 17
Using Asset Import Pipeline V2.
Refreshing native plugins compatible for Editor in 29.93 ms, found 1 plugins.
Preloading 0 native plugins for Editor in 0.00 ms.
Initialize engine version: 2020.3.0f1 (c7b5465681fb)
[Subsystems] Discovering subsystems at path C:/Program Files/Unity/Hub/Editor/2020.3.0f1/Editor/Data/Resources/UnitySubsystems
[Subsystems] Discovering subsystems at path C:/Users/lilli/OneDrive/Desktop/Robbys_Homework/SWDV 271/Week12/Hour 17/Assets
GfxDevice: creating device client; threaded=0
Direct3D:
    Version:  Direct3D 11.0 [level 11.1]
    Renderer: Radeon RX 580 Series (ID=0x67df)
    Vendor:   
    VRAM:     8170 MB
    Driver:   31.0.12027.9001
Initialize mono
Mono path[0] = 'C:/Program Files/Unity/Hub/Editor/2020.3.0f1/Editor/Data/Managed'
Mono path[1] = 'C:/Program Files/Unity/Hub/Editor/2020.3.0f1/Editor/Data/MonoBleedingEdge/lib/mono/unityjit'
Mono config path = 'C:/Program Files/Unity/Hub/Editor/2020.3.0f1/Editor/Data/MonoBleedingEdge/etc'
Using monoOptions --debugger-agent=transport=dt_socket,embedding=1,server=y,suspend=n,address=127.0.0.1:56684
Begin MonoManager ReloadAssembly
Registering precompiled unity dll's ...
Register platform support module: C:/Program Files/Unity/Hub/Editor/2020.3.0f1/Editor/Data/PlaybackEngines/WebGLSupport/UnityEditor.WebGL.Extensions.dll
Register platform support module: C:/Program Files/Unity/Hub/Editor/2020.3.0f1/Editor/Data/PlaybackEngines/MacStandaloneSupport/UnityEditor.OSXStandalone.Extensions.dll
Register platform support module: C:/Program Files/Unity/Hub/Editor/2020.3.0f1/Editor/Data/PlaybackEngines/WindowsStandaloneSupport/UnityEditor.WindowsStandalone.Extensions.dll
Registered in 0.002934 seconds.
Native extension for WindowsStandalone target not found
Native extension for OSXStandalone target not found
Native extension for WebGL target not found
Refreshing native plugins compatible for Editor in 29.33 ms, found 1 plugins.
Preloading 0 native plugins for Editor in 0.00 ms.
Invoked RoslynAnalysisRunner static constructor.
RoslynAnalysisRunner will not be running.
RoslynAnalysisRunner has terminated.
Mono: successfully reloaded assembly
- Completed reload, in  2.422 seconds
Platform modules already initialized, skipping
Registering precompiled user dll's ...
Registered in 0.001071 seconds.
Begin MonoManager ReloadAssembly
Native extension for WindowsStandalone target not found
Native extension for OSXStandalone target not found
Native extension for WebGL target not found
Refreshing native plugins compatible for Editor in 29.47 ms, found 1 plugins.
Preloading 0 native plugins for Editor in 0.00 ms.
Invoked RoslynAnalysisRunner static constructor.
RoslynAnalysisRunner will not be running.
RoslynAnalysisRunner has terminated.
Mono: successfully reloaded assembly
- Completed reload, in  0.769 seconds
Platform modules already initialized, skipping
========================================================================
Worker process is ready to serve import requests
Launched and connected shader compiler UnityShaderCompiler.exe after 0.04 seconds
Refreshing native plugins compatible for Editor in 0.42 ms, found 1 plugins.
Preloading 0 native plugins for Editor in 0.00 ms.
Unloading 1806 Unused Serialized files (Serialized files now loaded: 0)
System memory in use before: 84.5 MB.
System memory in use after: 84.6 MB.

Unloading 19 unused Assets to reduce memory usage. Loaded Objects now: 2253.
Total: 1.976500 ms (FindLiveObjects: 0.352700 ms CreateObjectMapping: 0.050100 ms MarkObjects: 1.502600 ms  DeleteObjects: 0.069900 ms)

========================================================================
Received Import Request.
  path: Assets/RobotBoyRunSprite.png
  artifactKey: Guid(d2527226c14b8954d8c1910aa75e13b6) Importer(815301076,1909f56bfc062723c751e8b465ee728b)
Start importing Assets/RobotBoyRunSprite.png using Guid(d2527226c14b8954d8c1910aa75e13b6) Importer(815301076,1909f56bfc062723c751e8b465ee728b)  -> (artifact id: '919a80f3f78543bf1e44eec90bad564e') in 0.130978 seconds
  Import took 0.134560 seconds .

========================================================================
Received Import Request.
  Time since last request: 20.991914 seconds.
  path: Assets/RobotBoyRunSprite.png
  artifactKey: Guid(d2527226c14b8954d8c1910aa75e13b6) Importer(815301076,1909f56bfc062723c751e8b465ee728b)
Start importing Assets/RobotBoyRunSprite.png using Guid(d2527226c14b8954d8c1910aa75e13b6) Importer(815301076,1909f56bfc062723c751e8b465ee728b)  -> (artifact id: '4a60456c4b250bedc17899e47ca5efbd') in 0.014053 seconds
  Import took 0.017694 seconds .

========================================================================
Received Import Request.
  Time since last request: 41.716201 seconds.
  path: Assets/RobotBoyRunSprite.png
  artifactKey: Guid(d2527226c14b8954d8c1910aa75e13b6) Importer(815301076,1909f56bfc062723c751e8b465ee728b)
Start importing Assets/RobotBoyRunSprite.png using Guid(d2527226c14b8954d8c1910aa75e13b6) Importer(815301076,1909f56bfc062723c751e8b465ee728b)  -> (artifact id: '8b21e7dbc0c0eb02ebcdab1ae851d975') in 0.043758 seconds
  Import took 0.047622 seconds .

========================================================================
Received Import Request.
  Time since last request: 24.909790 seconds.
  path: Assets
  artifactKey: Guid(00000000000000001000000000000000) Importer(815301076,1909f56bfc062723c751e8b465ee728b)
Start importing Assets using Guid(00000000000000001000000000000000) Importer(815301076,1909f56bfc062723c751e8b465ee728b)  -> (artifact id: '42baae205c97e3337697759514652acd') in 0.010124 seconds
  Import took 0.013321 seconds .

========================================================================
Received Import Request.
  Time since last request: 13.783623 seconds.
  path: Assets/Exercise.unity
  artifactKey: Guid(fecce9a277cbbee4dabbf610f161e7e4) Importer(815301076,1909f56bfc062723c751e8b465ee728b)
Start importing Assets/Exercise.unity using Guid(fecce9a277cbbee4dabbf610f161e7e4) Importer(815301076,1909f56bfc062723c751e8b465ee728b)  -> (artifact id: 'e52701c8af272e9c1169f8db9fd508b3') in 0.008045 seconds
  Import took 0.011253 seconds .

========================================================================
Received Prepare
Registering precompiled user dll's ...
Registered in 0.001071 seconds.
Begin MonoManager ReloadAssembly
Native extension for WindowsStandalone target not found
Native extension for OSXStandalone target not found
Native extension for WebGL target not found
Refreshing native plugins compatible for Editor in 0.42 ms, found 1 plugins.
Preloading 0 native plugins for Editor in 0.00 ms.
Invoked RoslynAnalysisRunner static constructor.
RoslynAnalysisRunner will not be running.
RoslynAnalysisRunner has terminated.
Mono: successfully reloaded assembly
- Completed reload, in  0.667 seconds
Platform modules already initialized, skipping
Refreshing native plugins compatible for Editor in 0.25 ms, found 1 plugins.
Preloading 0 native plugins for Editor in 0.00 ms.
Unloading 1796 Unused Serialized files (Serialized files now loaded: 0)
System memory in use before: 87.2 MB.
System memory in use after: 87.3 MB.

Unloading 7 unused Assets to reduce memory usage. Loaded Objects now: 2263.
Total: 1.958600 ms (FindLiveObjects: 0.195000 ms CreateObjectMapping: 0.042900 ms MarkObjects: 1.700000 ms  DeleteObjects: 0.019500 ms)

AssetImportWorkerClient::OnTransportError - code=2 error=End of file
