Using pre-set license
Built from '2020.3/staging' branch; Version is '2020.3.0f1 (c7b5465681fb) revision 13088070'; Using compiler version '192528614'; Build Type 'Release'
OS: 'Windows 10 Home; OS build 19045.4170; Version 2009; 64bit' Language: 'en' Physical Memory: 16310 MB
BatchMode: 1, IsHumanControllingUs: 0, StartBugReporterOnCrash: 0, Is64bit: 1, IsPro: 0

 COMMAND LINE ARGUMENTS:
C:\Program Files\Unity\Hub\Editor\2020.3.0f1\Editor\Unity.exe
-adb2
-batchMode
-noUpm
-name
AssetImportWorker0
-projectPath
C:/Users/lilli/OneDrive/Desktop/Robbys_Homework/SWDV 271/Week12/Hour 20
-logFile
Logs/AssetImportWorker0.log
-srvPort
53270
Successfully changed project path to: C:/Users/lilli/OneDrive/Desktop/Robbys_Homework/SWDV 271/Week12/Hour 20
C:/Users/lilli/OneDrive/Desktop/Robbys_Homework/SWDV 271/Week12/Hour 20
Using Asset Import Pipeline V2.
Refreshing native plugins compatible for Editor in 18.68 ms, found 0 plugins.
Preloading 0 native plugins for Editor in 0.00 ms.
Initialize engine version: 2020.3.0f1 (c7b5465681fb)
[Subsystems] Discovering subsystems at path C:/Program Files/Unity/Hub/Editor/2020.3.0f1/Editor/Data/Resources/UnitySubsystems
[Subsystems] Discovering subsystems at path C:/Users/lilli/OneDrive/Desktop/Robbys_Homework/SWDV 271/Week12/Hour 20/Assets
GfxDevice: creating device client; threaded=0
Direct3D:
    Version:  Direct3D 11.0 [level 11.1]
    Renderer: Radeon RX 580 Series (ID=0x67df)
    Vendor:   
    VRAM:     8170 MB
    Driver:   31.0.12027.9001
Initialize mono
Mono path[0] = 'C:/Program Files/Unity/Hub/Editor/2020.3.0f1/Editor/Data/Managed'
Mono path[1] = 'C:/Program Files/Unity/Hub/Editor/2020.3.0f1/Editor/Data/MonoBleedingEdge/lib/mono/unityjit'
Mono config path = 'C:/Program Files/Unity/Hub/Editor/2020.3.0f1/Editor/Data/MonoBleedingEdge/etc'
Using monoOptions --debugger-agent=transport=dt_socket,embedding=1,server=y,suspend=n,address=127.0.0.1:56172
Begin MonoManager ReloadAssembly
Registering precompiled unity dll's ...
Register platform support module: C:/Program Files/Unity/Hub/Editor/2020.3.0f1/Editor/Data/PlaybackEngines/WebGLSupport/UnityEditor.WebGL.Extensions.dll
Register platform support module: C:/Program Files/Unity/Hub/Editor/2020.3.0f1/Editor/Data/PlaybackEngines/MacStandaloneSupport/UnityEditor.OSXStandalone.Extensions.dll
Register platform support module: C:/Program Files/Unity/Hub/Editor/2020.3.0f1/Editor/Data/PlaybackEngines/WindowsStandaloneSupport/UnityEditor.WindowsStandalone.Extensions.dll
Registered in 0.003078 seconds.
Native extension for WindowsStandalone target not found
Native extension for OSXStandalone target not found
Native extension for WebGL target not found
Refreshing native plugins compatible for Editor in 19.13 ms, found 0 plugins.
Preloading 0 native plugins for Editor in 0.00 ms.
Invoked RoslynAnalysisRunner static constructor.
RoslynAnalysisRunner will not be running.
RoslynAnalysisRunner has terminated.
Mono: successfully reloaded assembly
- Completed reload, in  2.800 seconds
Platform modules already initialized, skipping
Registering precompiled user dll's ...
Registered in 0.000822 seconds.
Begin MonoManager ReloadAssembly
Native extension for WindowsStandalone target not found
Native extension for OSXStandalone target not found
Native extension for WebGL target not found
Refreshing native plugins compatible for Editor in 0.23 ms, found 0 plugins.
Preloading 0 native plugins for Editor in 0.00 ms.
Invoked RoslynAnalysisRunner static constructor.
RoslynAnalysisRunner will not be running.
RoslynAnalysisRunner has terminated.
Mono: successfully reloaded assembly
- Completed reload, in  0.642 seconds
Platform modules already initialized, skipping
========================================================================
Worker process is ready to serve import requests
Launched and connected shader compiler UnityShaderCompiler.exe after 0.04 seconds
Refreshing native plugins compatible for Editor in 0.25 ms, found 0 plugins.
Preloading 0 native plugins for Editor in 0.00 ms.
Unloading 1113 Unused Serialized files (Serialized files now loaded: 0)
System memory in use before: 56.8 MB.
System memory in use after: 56.9 MB.

Unloading 9 unused Assets to reduce memory usage. Loaded Objects now: 1556.
Total: 1.787300 ms (FindLiveObjects: 0.228200 ms CreateObjectMapping: 0.041300 ms MarkObjects: 1.452200 ms  DeleteObjects: 0.064300 ms)

========================================================================
Received Import Request.
  path: Assets/Materials/Dark Sky.mat
  artifactKey: Guid(ada581b53d527d141926dfd352551b30) Importer(815301076,1909f56bfc062723c751e8b465ee728b)
Start importing Assets/Materials/Dark Sky.mat using Guid(ada581b53d527d141926dfd352551b30) Importer(815301076,1909f56bfc062723c751e8b465ee728b)  -> (artifact id: 'c0ae42b9f3695f3067d58d2934cba033') in 0.094317 seconds
  Import took 0.096785 seconds .

========================================================================
Received Import Request.
  Time since last request: 0.000238 seconds.
  path: Assets/Materials/Wall.mat
  artifactKey: Guid(257c66d561cb38848951acf3eaab65dd) Importer(815301076,1909f56bfc062723c751e8b465ee728b)
Start importing Assets/Materials/Wall.mat using Guid(257c66d561cb38848951acf3eaab65dd) Importer(815301076,1909f56bfc062723c751e8b465ee728b)  -> (artifact id: 'e017ba76db800ddf65c5643a0fc18a79') in 0.036831 seconds
  Import took 0.038971 seconds .

========================================================================
Received Import Request.
  Time since last request: 0.000215 seconds.
  path: Assets/Materials/Ground.mat
  artifactKey: Guid(a7547ac7aa5aa20438314f4245df637c) Importer(815301076,1909f56bfc062723c751e8b465ee728b)
Start importing Assets/Materials/Ground.mat using Guid(a7547ac7aa5aa20438314f4245df637c) Importer(815301076,1909f56bfc062723c751e8b465ee728b)  -> (artifact id: '631dd92a9cc4cd5b413823ef2dc2e4cd') in 0.186911 seconds
  Import took 0.188611 seconds .

========================================================================
Received Import Request.
  Time since last request: 0.000212 seconds.
  path: Assets/Materials
  artifactKey: Guid(9eee5afe1bd9feb4693992a41e2936f5) Importer(815301076,1909f56bfc062723c751e8b465ee728b)
Start importing Assets/Materials using Guid(9eee5afe1bd9feb4693992a41e2936f5) Importer(815301076,1909f56bfc062723c751e8b465ee728b)  -> (artifact id: '99065cc1b4b1211df22e9a74d8fc9c72') in 0.006781 seconds
  Import took 0.008300 seconds .

========================================================================
Received Import Request.
  Time since last request: 370.660060 seconds.
  path: Assets
  artifactKey: Guid(00000000000000001000000000000000) Importer(815301076,1909f56bfc062723c751e8b465ee728b)
Start importing Assets using Guid(00000000000000001000000000000000) Importer(815301076,1909f56bfc062723c751e8b465ee728b)  -> (artifact id: '42baae205c97e3337697759514652acd') in 0.006969 seconds
  Import took 0.009098 seconds .

========================================================================
Received Import Request.
  Time since last request: 6.412028 seconds.
  path: Assets/Scripts
  artifactKey: Guid(cd4cc8cfabcd55342aa0ae3622e4b20f) Importer(815301076,1909f56bfc062723c751e8b465ee728b)
Start importing Assets/Scripts using Guid(cd4cc8cfabcd55342aa0ae3622e4b20f) Importer(815301076,1909f56bfc062723c751e8b465ee728b)  -> (artifact id: 'f9ca65bb03010a1a1df3cf1fe3122bb9') in 0.007190 seconds
  Import took 0.009385 seconds .

========================================================================
Received Import Request.
  Time since last request: 15.283631 seconds.
  path: Assets/Scripts/TextureScroller.cs
  artifactKey: Guid(312d6ffc4b1acf84e903271ede617b0e) Importer(815301076,1909f56bfc062723c751e8b465ee728b)
Start importing Assets/Scripts/TextureScroller.cs using Guid(312d6ffc4b1acf84e903271ede617b0e) Importer(815301076,1909f56bfc062723c751e8b465ee728b)  -> (artifact id: 'ca528a713876985fa8feef38606f1450') in 0.019315 seconds
  Import took 0.021372 seconds .

========================================================================
Received Prepare
Registering precompiled user dll's ...
Registered in 0.000783 seconds.
Begin MonoManager ReloadAssembly
Native extension for WindowsStandalone target not found
Native extension for OSXStandalone target not found
Native extension for WebGL target not found
Refreshing native plugins compatible for Editor in 0.23 ms, found 0 plugins.
Preloading 0 native plugins for Editor in 0.00 ms.
Invoked RoslynAnalysisRunner static constructor.
RoslynAnalysisRunner will not be running.
RoslynAnalysisRunner has terminated.
Mono: successfully reloaded assembly
- Completed reload, in  0.595 seconds
Platform modules already initialized, skipping
Refreshing native plugins compatible for Editor in 0.23 ms, found 0 plugins.
Preloading 0 native plugins for Editor in 0.00 ms.
Unloading 1108 Unused Serialized files (Serialized files now loaded: 0)
System memory in use before: 60.1 MB.
System memory in use after: 60.2 MB.

Unloading 4 unused Assets to reduce memory usage. Loaded Objects now: 1601.
Total: 1.739400 ms (FindLiveObjects: 0.195000 ms CreateObjectMapping: 0.029300 ms MarkObjects: 1.496000 ms  DeleteObjects: 0.017300 ms)

========================================================================
Received Prepare
Registering precompiled user dll's ...
Registered in 0.000577 seconds.
Begin MonoManager ReloadAssembly
Native extension for WindowsStandalone target not found
Native extension for OSXStandalone target not found
Native extension for WebGL target not found
Refreshing native plugins compatible for Editor in 0.25 ms, found 0 plugins.
Preloading 0 native plugins for Editor in 0.00 ms.
Invoked RoslynAnalysisRunner static constructor.
RoslynAnalysisRunner will not be running.
RoslynAnalysisRunner has terminated.
Mono: successfully reloaded assembly
- Completed reload, in  0.642 seconds
Platform modules already initialized, skipping
Refreshing native plugins compatible for Editor in 0.24 ms, found 0 plugins.
Preloading 0 native plugins for Editor in 0.00 ms.
Unloading 1108 Unused Serialized files (Serialized files now loaded: 0)
System memory in use before: 60.1 MB.
System memory in use after: 60.2 MB.

Unloading 4 unused Assets to reduce memory usage. Loaded Objects now: 1604.
Total: 1.747000 ms (FindLiveObjects: 0.240700 ms CreateObjectMapping: 0.025900 ms MarkObjects: 1.462300 ms  DeleteObjects: 0.016800 ms)

========================================================================
Received Import Request.
  Time since last request: 211.140311 seconds.
  path: Assets/Scripts/TextureScroller.cs
  artifactKey: Guid(312d6ffc4b1acf84e903271ede617b0e) Importer(815301076,1909f56bfc062723c751e8b465ee728b)
Start importing Assets/Scripts/TextureScroller.cs using Guid(312d6ffc4b1acf84e903271ede617b0e) Importer(815301076,1909f56bfc062723c751e8b465ee728b)  -> (artifact id: '2ee8c9109e3882f331096e4aab56cbad') in 0.004054 seconds
  Import took 0.006575 seconds .

========================================================================
Received Prepare
Registering precompiled user dll's ...
Registered in 0.000729 seconds.
Begin MonoManager ReloadAssembly
Native extension for WindowsStandalone target not found
Native extension for OSXStandalone target not found
Native extension for WebGL target not found
Refreshing native plugins compatible for Editor in 0.23 ms, found 0 plugins.
Preloading 0 native plugins for Editor in 0.00 ms.
Invoked RoslynAnalysisRunner static constructor.
RoslynAnalysisRunner will not be running.
RoslynAnalysisRunner has terminated.
Mono: successfully reloaded assembly
- Completed reload, in  0.597 seconds
Platform modules already initialized, skipping
Refreshing native plugins compatible for Editor in 0.20 ms, found 0 plugins.
Preloading 0 native plugins for Editor in 0.00 ms.
Unloading 1108 Unused Serialized files (Serialized files now loaded: 0)
System memory in use before: 60.1 MB.
System memory in use after: 60.2 MB.

Unloading 4 unused Assets to reduce memory usage. Loaded Objects now: 1607.
Total: 1.713400 ms (FindLiveObjects: 0.193600 ms CreateObjectMapping: 0.027200 ms MarkObjects: 1.478700 ms  DeleteObjects: 0.012800 ms)

========================================================================
Received Import Request.
  Time since last request: 321.863520 seconds.
  path: Assets/Materials/Powerup.mat
  artifactKey: Guid(e1220bfc6d7689743b1530b8ef21da43) Importer(815301076,1909f56bfc062723c751e8b465ee728b)
Start importing Assets/Materials/Powerup.mat using Guid(e1220bfc6d7689743b1530b8ef21da43) Importer(815301076,1909f56bfc062723c751e8b465ee728b)  -> (artifact id: 'e53e60d7000a6cbef36031a2e84f9a18') in 0.049049 seconds
  Import took 0.051652 seconds .

========================================================================
Received Import Request.
  Time since last request: 352.570816 seconds.
  path: Assets/Prefab
  artifactKey: Guid(d3c47c976c7512a4fb6e9592fdba3f43) Importer(815301076,1909f56bfc062723c751e8b465ee728b)
Start importing Assets/Prefab using Guid(d3c47c976c7512a4fb6e9592fdba3f43) Importer(815301076,1909f56bfc062723c751e8b465ee728b)  -> (artifact id: '49175db7b361fdf46320ed9bee0ed8cd') in 0.007492 seconds
  Import took 0.009677 seconds .

========================================================================
Received Import Request.
  Time since last request: 6.030563 seconds.
  path: Assets/Prefabs
  artifactKey: Guid(d3c47c976c7512a4fb6e9592fdba3f43) Importer(815301076,1909f56bfc062723c751e8b465ee728b)
Start importing Assets/Prefabs using Guid(d3c47c976c7512a4fb6e9592fdba3f43) Importer(815301076,1909f56bfc062723c751e8b465ee728b)  -> (artifact id: '0b8e86699514e6e397eaedee8d562357') in 0.007134 seconds
  Import took 0.009435 seconds .

========================================================================
Received Import Request.
  Time since last request: 15.192122 seconds.
  path: Assets/Prefabs/Powerup.prefab
  artifactKey: Guid(89769756a41f6f74cb5d5d63cf12388f) Importer(815301076,1909f56bfc062723c751e8b465ee728b)
Start importing Assets/Prefabs/Powerup.prefab using Guid(89769756a41f6f74cb5d5d63cf12388f) Importer(815301076,1909f56bfc062723c751e8b465ee728b)  -> (artifact id: '8d76c872b367877a70dbd1cb26c390dc') in 0.027912 seconds
  Import took 0.030421 seconds .

========================================================================
Received Import Request.
  Time since last request: 62.481828 seconds.
  path: Assets/Prefabs/Powerup.prefab
  artifactKey: Guid(89769756a41f6f74cb5d5d63cf12388f) Importer(815301076,1909f56bfc062723c751e8b465ee728b)
Start importing Assets/Prefabs/Powerup.prefab using Guid(89769756a41f6f74cb5d5d63cf12388f) Importer(815301076,1909f56bfc062723c751e8b465ee728b)  -> (artifact id: 'bad4d5d45745e98ae00cd30fd9b886c9') in 0.007713 seconds
  Import took 0.010519 seconds .

========================================================================
Received Import Request.
  Time since last request: 170.068470 seconds.
  path: Assets/Materials/Obstacle.mat
  artifactKey: Guid(64e41acd0ecb13b4e8d90495f111f0c2) Importer(815301076,1909f56bfc062723c751e8b465ee728b)
Start importing Assets/Materials/Obstacle.mat using Guid(64e41acd0ecb13b4e8d90495f111f0c2) Importer(815301076,1909f56bfc062723c751e8b465ee728b)  -> (artifact id: 'f0ce107e14aa1b3b344dd327c2765061') in 0.012512 seconds
  Import took 0.015554 seconds .

========================================================================
Received Import Request.
  Time since last request: 34.530208 seconds.
  path: Assets/Prefabs/Obstacle.prefab
  artifactKey: Guid(c817058e96fb31e46a63f635e34c9300) Importer(815301076,1909f56bfc062723c751e8b465ee728b)
Start importing Assets/Prefabs/Obstacle.prefab using Guid(c817058e96fb31e46a63f635e34c9300) Importer(815301076,1909f56bfc062723c751e8b465ee728b)  -> (artifact id: '9724122e35fdaa9acc97a673797f8a26') in 0.010769 seconds
  Import took 0.013047 seconds .

========================================================================
Received Import Request.
  Time since last request: 235.578916 seconds.
  path: Assets/Models
  artifactKey: Guid(39de2f465d768d648bd6a60c0c948909) Importer(815301076,1909f56bfc062723c751e8b465ee728b)
Start importing Assets/Models using Guid(39de2f465d768d648bd6a60c0c948909) Importer(815301076,1909f56bfc062723c751e8b465ee728b)  -> (artifact id: '61eb477302dbe277c983f44a121a6933') in 0.007473 seconds
  Import took 0.009631 seconds .

========================================================================
Received Import Request.
  Time since last request: 0.095995 seconds.
  path: Assets/Models/PhasedOut.mat
  artifactKey: Guid(67d24cf9019886246babf1a1b0ec936f) Importer(815301076,1909f56bfc062723c751e8b465ee728b)
Start importing Assets/Models/PhasedOut.mat using Guid(67d24cf9019886246babf1a1b0ec936f) Importer(815301076,1909f56bfc062723c751e8b465ee728b)  -> (artifact id: 'b0a5bedca72215d136ff0f30d6a68a3c') in 0.015644 seconds
  Import took 0.018260 seconds .

========================================================================
Received Import Request.
  Time since last request: 0.000219 seconds.
  path: Assets/Models/Player.mat
  artifactKey: Guid(dc696444f7cf032469099617451faa61) Importer(815301076,1909f56bfc062723c751e8b465ee728b)
Start importing Assets/Models/Player.mat using Guid(dc696444f7cf032469099617451faa61) Importer(815301076,1909f56bfc062723c751e8b465ee728b)  -> (artifact id: 'ce14ccc5e8208a512831afc247692ce7') in 0.020732 seconds
  Import took 0.022679 seconds .

========================================================================
Received Import Request.
  Time since last request: 0.000194 seconds.
  path: Assets/Models/PlayerAlbedo.png
  artifactKey: Guid(1ea897fcc565cad4ba19e013cc5e2e8d) Importer(815301076,1909f56bfc062723c751e8b465ee728b)
Start importing Assets/Models/PlayerAlbedo.png using Guid(1ea897fcc565cad4ba19e013cc5e2e8d) Importer(815301076,1909f56bfc062723c751e8b465ee728b)  -> (artifact id: 'a539c76d1c887465371be6a116802b41') in 0.052442 seconds
  Import took 0.054621 seconds .

========================================================================
Received Import Request.
  Time since last request: 0.000217 seconds.
  path: Assets/Models/Player.fbx
  artifactKey: Guid(7876f05902b6f7546b253c05c8c653ce) Importer(815301076,1909f56bfc062723c751e8b465ee728b)
Start importing Assets/Models/Player.fbx using Guid(7876f05902b6f7546b253c05c8c653ce) Importer(815301076,1909f56bfc062723c751e8b465ee728b)  -> (artifact id: '4a9050bc147bada7f01333ef5a85d4a6') in 0.066378 seconds
  Import took 0.068962 seconds .

========================================================================
Received Import Request.
  Time since last request: 0.005640 seconds.
  path: Assets/Models/Player.fbx
  artifactKey: Guid(7876f05902b6f7546b253c05c8c653ce) Importer(815301076,1909f56bfc062723c751e8b465ee728b)
Start importing Assets/Models/Player.fbx using Guid(7876f05902b6f7546b253c05c8c653ce) Importer(815301076,1909f56bfc062723c751e8b465ee728b)  -> (artifact id: '4a9050bc147bada7f01333ef5a85d4a6') in 0.025892 seconds
  Import took 0.028264 seconds .

========================================================================
Received Import Request.
  Time since last request: 40.623340 seconds.
  path: Assets/Models/Player.fbx
  artifactKey: Guid(7876f05902b6f7546b253c05c8c653ce) Importer(815301076,1909f56bfc062723c751e8b465ee728b)
Start importing Assets/Models/Player.fbx using Guid(7876f05902b6f7546b253c05c8c653ce) Importer(815301076,1909f56bfc062723c751e8b465ee728b)  -> (artifact id: '36247db68e3c67983c1cb7d5a8052a92') in 0.024005 seconds
  Import took 0.026593 seconds .

========================================================================
Received Import Request.
  Time since last request: 198.975434 seconds.
  path: Assets/Animations/Runs.fbx
  artifactKey: Guid(af43007041cd4f1468a8cec2da11f1e8) Importer(815301076,1909f56bfc062723c751e8b465ee728b)
Start importing Assets/Animations/Runs.fbx using Guid(af43007041cd4f1468a8cec2da11f1e8) Importer(815301076,1909f56bfc062723c751e8b465ee728b)  -> (artifact id: 'baf4910f84fed1f97091a04c0309c80a') in 0.211695 seconds
  Import took 0.215026 seconds .

========================================================================
Received Import Request.
  Time since last request: 10.844653 seconds.
  path: Assets/Animations/Runs.fbx
  artifactKey: Guid(af43007041cd4f1468a8cec2da11f1e8) Importer(815301076,1909f56bfc062723c751e8b465ee728b)
Start importing Assets/Animations/Runs.fbx using Guid(af43007041cd4f1468a8cec2da11f1e8) Importer(815301076,1909f56bfc062723c751e8b465ee728b)  -> (artifact id: '36accaff8b877bb305d962b990d89297') in 0.192909 seconds
  Import took 0.196055 seconds .

========================================================================
Received Import Request.
  Time since last request: 162.969713 seconds.
  path: Assets/Animations/Runs.fbx
  artifactKey: Guid(af43007041cd4f1468a8cec2da11f1e8) Importer(815301076,1909f56bfc062723c751e8b465ee728b)
Start importing Assets/Animations/Runs.fbx using Guid(af43007041cd4f1468a8cec2da11f1e8) Importer(815301076,1909f56bfc062723c751e8b465ee728b)  -> (artifact id: 'c25244ab6fe9335d7fbee5ba3aba687f') in 0.184457 seconds
  Import took 0.188016 seconds .

========================================================================
Received Prepare
Registering precompiled user dll's ...
Registered in 0.000660 seconds.
Begin MonoManager ReloadAssembly
Native extension for WindowsStandalone target not found
Native extension for OSXStandalone target not found
Native extension for WebGL target not found
Refreshing native plugins compatible for Editor in 0.23 ms, found 0 plugins.
Preloading 0 native plugins for Editor in 0.00 ms.
Invoked RoslynAnalysisRunner static constructor.
RoslynAnalysisRunner will not be running.
RoslynAnalysisRunner has terminated.
Mono: successfully reloaded assembly
- Completed reload, in  0.600 seconds
Platform modules already initialized, skipping
Refreshing native plugins compatible for Editor in 0.20 ms, found 0 plugins.
Preloading 0 native plugins for Editor in 0.00 ms.
Unloading 1109 Unused Serialized files (Serialized files now loaded: 0)
System memory in use before: 74.9 MB.
System memory in use after: 75.0 MB.

Unloading 4 unused Assets to reduce memory usage. Loaded Objects now: 1619.
Total: 1.646900 ms (FindLiveObjects: 0.233600 ms CreateObjectMapping: 0.027200 ms MarkObjects: 1.374000 ms  DeleteObjects: 0.010900 ms)

========================================================================
Received Prepare
Registering precompiled user dll's ...
Registered in 0.000655 seconds.
Begin MonoManager ReloadAssembly
Native extension for WindowsStandalone target not found
Native extension for OSXStandalone target not found
Native extension for WebGL target not found
Refreshing native plugins compatible for Editor in 0.26 ms, found 0 plugins.
Preloading 0 native plugins for Editor in 0.00 ms.
Invoked RoslynAnalysisRunner static constructor.
RoslynAnalysisRunner will not be running.
RoslynAnalysisRunner has terminated.
Mono: successfully reloaded assembly
- Completed reload, in  0.643 seconds
Platform modules already initialized, skipping
Refreshing native plugins compatible for Editor in 0.23 ms, found 0 plugins.
Preloading 0 native plugins for Editor in 0.00 ms.
Unloading 1109 Unused Serialized files (Serialized files now loaded: 0)
System memory in use before: 74.7 MB.
System memory in use after: 74.8 MB.

Unloading 4 unused Assets to reduce memory usage. Loaded Objects now: 1623.
Total: 1.899000 ms (FindLiveObjects: 0.190800 ms CreateObjectMapping: 0.025700 ms MarkObjects: 1.662600 ms  DeleteObjects: 0.018200 ms)

========================================================================
Received Import Request.
  Time since last request: 157.931154 seconds.
  path: Assets/Scripts/TriggerZone.cs
  artifactKey: Guid(851a8c823a5833f489306ee101880d49) Importer(815301076,1909f56bfc062723c751e8b465ee728b)
Start importing Assets/Scripts/TriggerZone.cs using Guid(851a8c823a5833f489306ee101880d49) Importer(815301076,1909f56bfc062723c751e8b465ee728b)  -> (artifact id: 'e3d907a437045ca84fc6aac3d5d15f51') in 0.009298 seconds
  Import took 0.011670 seconds .

========================================================================
Received Prepare
Registering precompiled user dll's ...
Registered in 0.000678 seconds.
Begin MonoManager ReloadAssembly
Native extension for WindowsStandalone target not found
Native extension for OSXStandalone target not found
Native extension for WebGL target not found
Refreshing native plugins compatible for Editor in 0.26 ms, found 0 plugins.
Preloading 0 native plugins for Editor in 0.00 ms.
Invoked RoslynAnalysisRunner static constructor.
RoslynAnalysisRunner will not be running.
RoslynAnalysisRunner has terminated.
Mono: successfully reloaded assembly
- Completed reload, in  0.607 seconds
Platform modules already initialized, skipping
Refreshing native plugins compatible for Editor in 0.25 ms, found 0 plugins.
Preloading 0 native plugins for Editor in 0.00 ms.
Unloading 1109 Unused Serialized files (Serialized files now loaded: 0)
System memory in use before: 74.8 MB.
System memory in use after: 74.9 MB.

Unloading 4 unused Assets to reduce memory usage. Loaded Objects now: 1626.
Total: 1.873400 ms (FindLiveObjects: 0.178000 ms CreateObjectMapping: 0.026200 ms MarkObjects: 1.651700 ms  DeleteObjects: 0.016600 ms)

========================================================================
Received Prepare
Registering precompiled user dll's ...
Registered in 0.000597 seconds.
Begin MonoManager ReloadAssembly
Native extension for WindowsStandalone target not found
Native extension for OSXStandalone target not found
Native extension for WebGL target not found
Refreshing native plugins compatible for Editor in 0.24 ms, found 0 plugins.
Preloading 0 native plugins for Editor in 0.00 ms.
Invoked RoslynAnalysisRunner static constructor.
RoslynAnalysisRunner will not be running.
RoslynAnalysisRunner has terminated.
Mono: successfully reloaded assembly
- Completed reload, in  0.617 seconds
Platform modules already initialized, skipping
Refreshing native plugins compatible for Editor in 0.21 ms, found 0 plugins.
Preloading 0 native plugins for Editor in 0.00 ms.
Unloading 1109 Unused Serialized files (Serialized files now loaded: 0)
System memory in use before: 74.8 MB.
System memory in use after: 74.9 MB.

Unloading 4 unused Assets to reduce memory usage. Loaded Objects now: 1629.
Total: 1.557900 ms (FindLiveObjects: 0.156600 ms CreateObjectMapping: 0.026900 ms MarkObjects: 1.360900 ms  DeleteObjects: 0.012200 ms)

========================================================================
Received Import Request.
  Time since last request: 48.451162 seconds.
  path: Assets/Scripts/TriggerZone.cs
  artifactKey: Guid(851a8c823a5833f489306ee101880d49) Importer(815301076,1909f56bfc062723c751e8b465ee728b)
Start importing Assets/Scripts/TriggerZone.cs using Guid(851a8c823a5833f489306ee101880d49) Importer(815301076,1909f56bfc062723c751e8b465ee728b)  -> (artifact id: '5b119f2d68f9d32113edee331c3eb4c9') in 0.004380 seconds
  Import took 0.006248 seconds .

========================================================================
Received Import Request.
  Time since last request: 6.548176 seconds.
  path: Assets/Scripts/Game Manager.cs
  artifactKey: Guid(01abd6031ade41b45adfb17ffc43cb3d) Importer(815301076,1909f56bfc062723c751e8b465ee728b)
Start importing Assets/Scripts/Game Manager.cs using Guid(01abd6031ade41b45adfb17ffc43cb3d) Importer(815301076,1909f56bfc062723c751e8b465ee728b)  -> (artifact id: '579be2a617b659cb9635a30b148f24cf') in 0.007398 seconds
  Import took 0.009420 seconds .

========================================================================
Received Prepare
Registering precompiled user dll's ...
Registered in 0.000709 seconds.
Begin MonoManager ReloadAssembly
Native extension for WindowsStandalone target not found
Native extension for OSXStandalone target not found
Native extension for WebGL target not found
Refreshing native plugins compatible for Editor in 0.24 ms, found 0 plugins.
Preloading 0 native plugins for Editor in 0.00 ms.
Invoked RoslynAnalysisRunner static constructor.
RoslynAnalysisRunner will not be running.
RoslynAnalysisRunner has terminated.
Mono: successfully reloaded assembly
- Completed reload, in  0.612 seconds
Platform modules already initialized, skipping
Refreshing native plugins compatible for Editor in 0.22 ms, found 0 plugins.
Preloading 0 native plugins for Editor in 0.00 ms.
Unloading 1110 Unused Serialized files (Serialized files now loaded: 0)
System memory in use before: 74.8 MB.
System memory in use after: 74.9 MB.

Unloading 4 unused Assets to reduce memory usage. Loaded Objects now: 1633.
Total: 1.570100 ms (FindLiveObjects: 0.145100 ms CreateObjectMapping: 0.027500 ms MarkObjects: 1.383800 ms  DeleteObjects: 0.012700 ms)

========================================================================
Received Import Request.
  Time since last request: 81.155241 seconds.
  path: Assets/Scripts/GameManager.cs
  artifactKey: Guid(01abd6031ade41b45adfb17ffc43cb3d) Importer(815301076,1909f56bfc062723c751e8b465ee728b)
Start importing Assets/Scripts/GameManager.cs using Guid(01abd6031ade41b45adfb17ffc43cb3d) Importer(815301076,1909f56bfc062723c751e8b465ee728b)  -> (artifact id: '185d5d4bb6b8a58361681cc8576f1231') in 0.009553 seconds
  Import took 0.012160 seconds .

========================================================================
Received Import Request.
  Time since last request: 0.003531 seconds.
  path: Assets/Scripts/GameManager.cs
  artifactKey: Guid(01abd6031ade41b45adfb17ffc43cb3d) Importer(815301076,1909f56bfc062723c751e8b465ee728b)
Start importing Assets/Scripts/GameManager.cs using Guid(01abd6031ade41b45adfb17ffc43cb3d) Importer(815301076,1909f56bfc062723c751e8b465ee728b)  -> (artifact id: '185d5d4bb6b8a58361681cc8576f1231') in 0.002304 seconds
  Import took 0.004130 seconds .

========================================================================
Received Prepare
Registering precompiled user dll's ...
Registered in 0.000712 seconds.
Begin MonoManager ReloadAssembly
Native extension for WindowsStandalone target not found
Native extension for OSXStandalone target not found
Native extension for WebGL target not found
Refreshing native plugins compatible for Editor in 0.23 ms, found 0 plugins.
Preloading 0 native plugins for Editor in 0.00 ms.
Invoked RoslynAnalysisRunner static constructor.
RoslynAnalysisRunner will not be running.
RoslynAnalysisRunner has terminated.
Mono: successfully reloaded assembly
- Completed reload, in  0.601 seconds
Platform modules already initialized, skipping
Refreshing native plugins compatible for Editor in 0.19 ms, found 0 plugins.
Preloading 0 native plugins for Editor in 0.00 ms.
Unloading 1110 Unused Serialized files (Serialized files now loaded: 0)
System memory in use before: 74.8 MB.
System memory in use after: 74.9 MB.

Unloading 4 unused Assets to reduce memory usage. Loaded Objects now: 1636.
Total: 1.647000 ms (FindLiveObjects: 0.186900 ms CreateObjectMapping: 0.026300 ms MarkObjects: 1.415700 ms  DeleteObjects: 0.016800 ms)

========================================================================
Received Prepare
Registering precompiled user dll's ...
Registered in 0.000597 seconds.
Begin MonoManager ReloadAssembly
Native extension for WindowsStandalone target not found
Native extension for OSXStandalone target not found
Native extension for WebGL target not found
Refreshing native plugins compatible for Editor in 0.25 ms, found 0 plugins.
Preloading 0 native plugins for Editor in 0.00 ms.
Invoked RoslynAnalysisRunner static constructor.
RoslynAnalysisRunner will not be running.
RoslynAnalysisRunner has terminated.
Mono: successfully reloaded assembly
- Completed reload, in  0.688 seconds
Platform modules already initialized, skipping
Refreshing native plugins compatible for Editor in 0.23 ms, found 0 plugins.
Preloading 0 native plugins for Editor in 0.00 ms.
Unloading 1110 Unused Serialized files (Serialized files now loaded: 0)
System memory in use before: 74.8 MB.
System memory in use after: 74.9 MB.

Unloading 4 unused Assets to reduce memory usage. Loaded Objects now: 1639.
Total: 1.648500 ms (FindLiveObjects: 0.172500 ms CreateObjectMapping: 0.033900 ms MarkObjects: 1.427500 ms  DeleteObjects: 0.013400 ms)

========================================================================
Received Import Request.
  Time since last request: 1349.345673 seconds.
  path: Assets/Scripts/GameManager.cs
  artifactKey: Guid(01abd6031ade41b45adfb17ffc43cb3d) Importer(815301076,1909f56bfc062723c751e8b465ee728b)
Start importing Assets/Scripts/GameManager.cs using Guid(01abd6031ade41b45adfb17ffc43cb3d) Importer(815301076,1909f56bfc062723c751e8b465ee728b)  -> (artifact id: '0f5ffa3dcb4bc0626c3f50bceaa01a63') in 0.008499 seconds
  Import took 0.010389 seconds .

========================================================================
Received Import Request.
  Time since last request: 72.965115 seconds.
  path: Assets/Scripts/Player.cs
  artifactKey: Guid(68be3255b2b88b44c9c4f696dbc54747) Importer(815301076,1909f56bfc062723c751e8b465ee728b)
Start importing Assets/Scripts/Player.cs using Guid(68be3255b2b88b44c9c4f696dbc54747) Importer(815301076,1909f56bfc062723c751e8b465ee728b)  -> (artifact id: 'a3cb21a78110dbbec04226bb48fbb065') in 0.006710 seconds
  Import took 0.009117 seconds .

========================================================================
Received Prepare
Registering precompiled user dll's ...
Registered in 0.000675 seconds.
Begin MonoManager ReloadAssembly
Native extension for WindowsStandalone target not found
Native extension for OSXStandalone target not found
Native extension for WebGL target not found
Refreshing native plugins compatible for Editor in 0.23 ms, found 0 plugins.
Preloading 0 native plugins for Editor in 0.00 ms.
Invoked RoslynAnalysisRunner static constructor.
RoslynAnalysisRunner will not be running.
RoslynAnalysisRunner has terminated.
Mono: successfully reloaded assembly
- Completed reload, in  0.602 seconds
Platform modules already initialized, skipping
Refreshing native plugins compatible for Editor in 0.18 ms, found 0 plugins.
Preloading 0 native plugins for Editor in 0.00 ms.
Unloading 1111 Unused Serialized files (Serialized files now loaded: 0)
System memory in use before: 74.9 MB.
System memory in use after: 75.0 MB.

Unloading 4 unused Assets to reduce memory usage. Loaded Objects now: 1643.
Total: 2.072100 ms (FindLiveObjects: 0.253400 ms CreateObjectMapping: 0.125800 ms MarkObjects: 1.678100 ms  DeleteObjects: 0.013400 ms)

========================================================================
Received Prepare
Registering precompiled user dll's ...
Registered in 0.000650 seconds.
Begin MonoManager ReloadAssembly
Native extension for WindowsStandalone target not found
Native extension for OSXStandalone target not found
Native extension for WebGL target not found
Refreshing native plugins compatible for Editor in 0.23 ms, found 0 plugins.
Preloading 0 native plugins for Editor in 0.00 ms.
Invoked RoslynAnalysisRunner static constructor.
RoslynAnalysisRunner will not be running.
RoslynAnalysisRunner has terminated.
Mono: successfully reloaded assembly
- Completed reload, in  0.621 seconds
Platform modules already initialized, skipping
Refreshing native plugins compatible for Editor in 0.23 ms, found 0 plugins.
Preloading 0 native plugins for Editor in 0.00 ms.
Unloading 1111 Unused Serialized files (Serialized files now loaded: 0)
System memory in use before: 74.9 MB.
System memory in use after: 75.0 MB.

Unloading 4 unused Assets to reduce memory usage. Loaded Objects now: 1646.
Total: 1.846300 ms (FindLiveObjects: 0.172000 ms CreateObjectMapping: 0.026500 ms MarkObjects: 1.628600 ms  DeleteObjects: 0.017600 ms)

========================================================================
Received Import Request.
  Time since last request: 196.454688 seconds.
  path: Assets/Scripts/Player.cs
  artifactKey: Guid(68be3255b2b88b44c9c4f696dbc54747) Importer(815301076,1909f56bfc062723c751e8b465ee728b)
Start importing Assets/Scripts/Player.cs using Guid(68be3255b2b88b44c9c4f696dbc54747) Importer(815301076,1909f56bfc062723c751e8b465ee728b)  -> (artifact id: '03592ba6989013b84124297bd270ad4d') in 0.004279 seconds
  Import took 0.006055 seconds .

========================================================================
Received Import Request.
  Time since last request: 8.659485 seconds.
  path: Assets/Scripts/Collidable.cs
  artifactKey: Guid(b2b4f7f1a66864840bb80292a76fd79f) Importer(815301076,1909f56bfc062723c751e8b465ee728b)
Start importing Assets/Scripts/Collidable.cs using Guid(b2b4f7f1a66864840bb80292a76fd79f) Importer(815301076,1909f56bfc062723c751e8b465ee728b)  -> (artifact id: '331bc81920d9e015fb1ed5d5ce566146') in 0.007449 seconds
  Import took 0.010060 seconds .

========================================================================
Received Prepare
Registering precompiled user dll's ...
Registered in 0.000624 seconds.
Begin MonoManager ReloadAssembly
Native extension for WindowsStandalone target not found
Native extension for OSXStandalone target not found
Native extension for WebGL target not found
Refreshing native plugins compatible for Editor in 0.25 ms, found 0 plugins.
Preloading 0 native plugins for Editor in 0.00 ms.
Invoked RoslynAnalysisRunner static constructor.
RoslynAnalysisRunner will not be running.
RoslynAnalysisRunner has terminated.
Mono: successfully reloaded assembly
- Completed reload, in  0.599 seconds
Platform modules already initialized, skipping
Refreshing native plugins compatible for Editor in 0.23 ms, found 0 plugins.
Preloading 0 native plugins for Editor in 0.00 ms.
Unloading 1112 Unused Serialized files (Serialized files now loaded: 0)
System memory in use before: 74.9 MB.
System memory in use after: 75.0 MB.

Unloading 4 unused Assets to reduce memory usage. Loaded Objects now: 1650.
Total: 1.951000 ms (FindLiveObjects: 0.199200 ms CreateObjectMapping: 0.027900 ms MarkObjects: 1.704300 ms  DeleteObjects: 0.018200 ms)

========================================================================
Received Prepare
Registering precompiled user dll's ...
Registered in 0.000854 seconds.
Begin MonoManager ReloadAssembly
Native extension for WindowsStandalone target not found
Native extension for OSXStandalone target not found
Native extension for WebGL target not found
Refreshing native plugins compatible for Editor in 0.23 ms, found 0 plugins.
Preloading 0 native plugins for Editor in 0.00 ms.
Invoked RoslynAnalysisRunner static constructor.
RoslynAnalysisRunner will not be running.
RoslynAnalysisRunner has terminated.
Mono: successfully reloaded assembly
- Completed reload, in  0.599 seconds
Platform modules already initialized, skipping
Refreshing native plugins compatible for Editor in 0.23 ms, found 0 plugins.
Preloading 0 native plugins for Editor in 0.00 ms.
Unloading 1112 Unused Serialized files (Serialized files now loaded: 0)
System memory in use before: 74.9 MB.
System memory in use after: 75.0 MB.

Unloading 4 unused Assets to reduce memory usage. Loaded Objects now: 1653.
Total: 1.668500 ms (FindLiveObjects: 0.187200 ms CreateObjectMapping: 0.027100 ms MarkObjects: 1.435900 ms  DeleteObjects: 0.016900 ms)

========================================================================
Received Import Request.
  Time since last request: 57.022375 seconds.
  path: Assets/Scripts/Collidable.cs
  artifactKey: Guid(b2b4f7f1a66864840bb80292a76fd79f) Importer(815301076,1909f56bfc062723c751e8b465ee728b)
Start importing Assets/Scripts/Collidable.cs using Guid(b2b4f7f1a66864840bb80292a76fd79f) Importer(815301076,1909f56bfc062723c751e8b465ee728b)  -> (artifact id: 'e4d9305fbd28893a6bf4238f7273a1df') in 0.004640 seconds
  Import took 0.006521 seconds .

========================================================================
Received Import Request.
  Time since last request: 8.393620 seconds.
  path: Assets/Scripts/Spawner.cs
  artifactKey: Guid(64a0f523005cab24181b14f35186b303) Importer(815301076,1909f56bfc062723c751e8b465ee728b)
Start importing Assets/Scripts/Spawner.cs using Guid(64a0f523005cab24181b14f35186b303) Importer(815301076,1909f56bfc062723c751e8b465ee728b)  -> (artifact id: '9edc8def12de7abb0dea8c59582bd1b9') in 0.008892 seconds
  Import took 0.011832 seconds .

========================================================================
Received Prepare
Registering precompiled user dll's ...
Registered in 0.000709 seconds.
Begin MonoManager ReloadAssembly
Native extension for WindowsStandalone target not found
Native extension for OSXStandalone target not found
Native extension for WebGL target not found
Refreshing native plugins compatible for Editor in 0.26 ms, found 0 plugins.
Preloading 0 native plugins for Editor in 0.00 ms.
Invoked RoslynAnalysisRunner static constructor.
RoslynAnalysisRunner will not be running.
RoslynAnalysisRunner has terminated.
Mono: successfully reloaded assembly
- Completed reload, in  0.614 seconds
Platform modules already initialized, skipping
Refreshing native plugins compatible for Editor in 0.24 ms, found 0 plugins.
Preloading 0 native plugins for Editor in 0.00 ms.
Unloading 1113 Unused Serialized files (Serialized files now loaded: 0)
System memory in use before: 74.9 MB.
System memory in use after: 75.0 MB.

Unloading 4 unused Assets to reduce memory usage. Loaded Objects now: 1657.
Total: 1.616600 ms (FindLiveObjects: 0.179100 ms CreateObjectMapping: 0.024000 ms MarkObjects: 1.395300 ms  DeleteObjects: 0.016900 ms)

========================================================================
Received Prepare
Registering precompiled user dll's ...
Registered in 0.000692 seconds.
Begin MonoManager ReloadAssembly
Native extension for WindowsStandalone target not found
Native extension for OSXStandalone target not found
Native extension for WebGL target not found
Refreshing native plugins compatible for Editor in 0.27 ms, found 0 plugins.
Preloading 0 native plugins for Editor in 0.00 ms.
Invoked RoslynAnalysisRunner static constructor.
RoslynAnalysisRunner will not be running.
RoslynAnalysisRunner has terminated.
Mono: successfully reloaded assembly
- Completed reload, in  0.702 seconds
Platform modules already initialized, skipping
Refreshing native plugins compatible for Editor in 0.22 ms, found 0 plugins.
Preloading 0 native plugins for Editor in 0.00 ms.
Unloading 1113 Unused Serialized files (Serialized files now loaded: 0)
System memory in use before: 74.9 MB.
System memory in use after: 75.0 MB.

Unloading 4 unused Assets to reduce memory usage. Loaded Objects now: 1660.
Total: 1.916300 ms (FindLiveObjects: 0.176400 ms CreateObjectMapping: 0.025900 ms MarkObjects: 1.696400 ms  DeleteObjects: 0.016100 ms)

========================================================================
Received Import Request.
  Time since last request: 819.389008 seconds.
  path: Assets/Prefabs/Obstacle.prefab
  artifactKey: Guid(c817058e96fb31e46a63f635e34c9300) Importer(815301076,1909f56bfc062723c751e8b465ee728b)
Start importing Assets/Prefabs/Obstacle.prefab using Guid(c817058e96fb31e46a63f635e34c9300) Importer(815301076,1909f56bfc062723c751e8b465ee728b)  -> (artifact id: 'e1bbf340fcb212798ff7f4c137d9d280') in 0.052867 seconds
  Import took 0.055406 seconds .

========================================================================
Received Prepare
Registering precompiled user dll's ...
Registered in 0.000637 seconds.
Begin MonoManager ReloadAssembly
Native extension for WindowsStandalone target not found
Native extension for OSXStandalone target not found
Native extension for WebGL target not found
Refreshing native plugins compatible for Editor in 0.24 ms, found 0 plugins.
Preloading 0 native plugins for Editor in 0.00 ms.
Invoked RoslynAnalysisRunner static constructor.
RoslynAnalysisRunner will not be running.
RoslynAnalysisRunner has terminated.
Mono: successfully reloaded assembly
- Completed reload, in  0.616 seconds
Platform modules already initialized, skipping
Refreshing native plugins compatible for Editor in 0.23 ms, found 0 plugins.
Preloading 0 native plugins for Editor in 0.00 ms.
Unloading 1113 Unused Serialized files (Serialized files now loaded: 0)
System memory in use before: 75.0 MB.
System memory in use after: 75.1 MB.

Unloading 4 unused Assets to reduce memory usage. Loaded Objects now: 1664.
Total: 1.495900 ms (FindLiveObjects: 0.198400 ms CreateObjectMapping: 0.027200 ms MarkObjects: 1.258300 ms  DeleteObjects: 0.010900 ms)

========================================================================
Received Import Request.
  Time since last request: 211.447136 seconds.
  path: Assets/Prefabs/Powerup.prefab
  artifactKey: Guid(89769756a41f6f74cb5d5d63cf12388f) Importer(815301076,1909f56bfc062723c751e8b465ee728b)
Start importing Assets/Prefabs/Powerup.prefab using Guid(89769756a41f6f74cb5d5d63cf12388f) Importer(815301076,1909f56bfc062723c751e8b465ee728b)  -> (artifact id: '9c3b8dc97baeb2d3d710f0a4ed1c6ea5') in 0.048495 seconds
  Import took 0.050934 seconds .

========================================================================
Received Import Request.
  Time since last request: 16.168078 seconds.
  path: Assets/Materials/Obstacle.mat
  artifactKey: Guid(64e41acd0ecb13b4e8d90495f111f0c2) Importer(815301076,1909f56bfc062723c751e8b465ee728b)
Start importing Assets/Materials/Obstacle.mat using Guid(64e41acd0ecb13b4e8d90495f111f0c2) Importer(815301076,1909f56bfc062723c751e8b465ee728b)  -> (artifact id: '6bbd90230db01ec0c74e010b6f681442') in 0.021353 seconds
  Import took 0.023471 seconds .

========================================================================
Received Import Request.
  Time since last request: 0.000180 seconds.
  path: Assets/Materials/Powerup.mat
  artifactKey: Guid(e1220bfc6d7689743b1530b8ef21da43) Importer(815301076,1909f56bfc062723c751e8b465ee728b)
Start importing Assets/Materials/Powerup.mat using Guid(e1220bfc6d7689743b1530b8ef21da43) Importer(815301076,1909f56bfc062723c751e8b465ee728b)  -> (artifact id: '14a47c5a2e547fa0b3e38ae737c6ea2c') in 0.010718 seconds
  Import took 0.012550 seconds .

========================================================================
Received Prepare
Registering precompiled user dll's ...
Registered in 0.000657 seconds.
Begin MonoManager ReloadAssembly
Native extension for WindowsStandalone target not found
Native extension for OSXStandalone target not found
Native extension for WebGL target not found
Refreshing native plugins compatible for Editor in 0.24 ms, found 0 plugins.
Preloading 0 native plugins for Editor in 0.00 ms.
Invoked RoslynAnalysisRunner static constructor.
RoslynAnalysisRunner will not be running.
RoslynAnalysisRunner has terminated.
Mono: successfully reloaded assembly
- Completed reload, in  0.610 seconds
Platform modules already initialized, skipping
Refreshing native plugins compatible for Editor in 0.25 ms, found 0 plugins.
Preloading 0 native plugins for Editor in 0.00 ms.
Unloading 1113 Unused Serialized files (Serialized files now loaded: 0)
System memory in use before: 75.0 MB.
System memory in use after: 75.1 MB.

Unloading 4 unused Assets to reduce memory usage. Loaded Objects now: 1668.
Total: 2.092200 ms (FindLiveObjects: 0.341300 ms CreateObjectMapping: 0.061600 ms MarkObjects: 1.674000 ms  DeleteObjects: 0.014100 ms)

========================================================================
Received Import Request.
  Time since last request: 11.623142 seconds.
  path: Assets/Materials/SpeedUp.mat
  artifactKey: Guid(b467f554f073b62488fd6e748f005cd3) Importer(815301076,1909f56bfc062723c751e8b465ee728b)
Start importing Assets/Materials/SpeedUp.mat using Guid(b467f554f073b62488fd6e748f005cd3) Importer(815301076,1909f56bfc062723c751e8b465ee728b)  -> (artifact id: 'e8566b7b36ef628e4d272b172943325e') in 0.048376 seconds
  Import took 0.050597 seconds .

========================================================================
Received Prepare
Registering precompiled user dll's ...
Registered in 0.000724 seconds.
Begin MonoManager ReloadAssembly
Native extension for WindowsStandalone target not found
Native extension for OSXStandalone target not found
Native extension for WebGL target not found
Refreshing native plugins compatible for Editor in 0.23 ms, found 0 plugins.
Preloading 0 native plugins for Editor in 0.00 ms.
Invoked RoslynAnalysisRunner static constructor.
RoslynAnalysisRunner will not be running.
RoslynAnalysisRunner has terminated.
Mono: successfully reloaded assembly
- Completed reload, in  0.593 seconds
Platform modules already initialized, skipping
Refreshing native plugins compatible for Editor in 0.21 ms, found 0 plugins.
Preloading 0 native plugins for Editor in 0.00 ms.
Unloading 1113 Unused Serialized files (Serialized files now loaded: 0)
System memory in use before: 75.0 MB.
System memory in use after: 75.1 MB.

Unloading 4 unused Assets to reduce memory usage. Loaded Objects now: 1672.
Total: 1.816300 ms (FindLiveObjects: 0.299000 ms CreateObjectMapping: 0.042700 ms MarkObjects: 1.456900 ms  DeleteObjects: 0.016300 ms)

========================================================================
Received Import Request.
  Time since last request: 587.542368 seconds.
  path: Assets/Prefabs/Speedup.prefab
  artifactKey: Guid(da9d618cbb802c742b45ffabdae88fc2) Importer(815301076,1909f56bfc062723c751e8b465ee728b)
Start importing Assets/Prefabs/Speedup.prefab using Guid(da9d618cbb802c742b45ffabdae88fc2) Importer(815301076,1909f56bfc062723c751e8b465ee728b)  -> (artifact id: '2a43b08939fe43bc53f126c738de32f2') in 0.049092 seconds
  Import took 0.051241 seconds .

========================================================================
Received Import Request.
  Time since last request: 40.607198 seconds.
  path: Assets/Prefabs/Speedup.prefab
  artifactKey: Guid(da9d618cbb802c742b45ffabdae88fc2) Importer(815301076,1909f56bfc062723c751e8b465ee728b)
Start importing Assets/Prefabs/Speedup.prefab using Guid(da9d618cbb802c742b45ffabdae88fc2) Importer(815301076,1909f56bfc062723c751e8b465ee728b)  -> (artifact id: 'f6554b65ee23d0a4f72cddffb9253d44') in 0.007606 seconds
  Import took 0.009674 seconds .

========================================================================
Received Import Request.
  Time since last request: 0.009227 seconds.
  path: Assets/Prefabs/Speedup.prefab
  artifactKey: Guid(da9d618cbb802c742b45ffabdae88fc2) Importer(815301076,1909f56bfc062723c751e8b465ee728b)
Start importing Assets/Prefabs/Speedup.prefab using Guid(da9d618cbb802c742b45ffabdae88fc2) Importer(815301076,1909f56bfc062723c751e8b465ee728b)  -> (artifact id: 'f6554b65ee23d0a4f72cddffb9253d44') in 0.008189 seconds
  Import took 0.010196 seconds .

========================================================================
Received Prepare
Registering precompiled user dll's ...
Registered in 0.000683 seconds.
Begin MonoManager ReloadAssembly
Native extension for WindowsStandalone target not found
Native extension for OSXStandalone target not found
Native extension for WebGL target not found
Refreshing native plugins compatible for Editor in 0.28 ms, found 0 plugins.
Preloading 0 native plugins for Editor in 0.00 ms.
Invoked RoslynAnalysisRunner static constructor.
RoslynAnalysisRunner will not be running.
RoslynAnalysisRunner has terminated.
Mono: successfully reloaded assembly
- Completed reload, in  0.620 seconds
Platform modules already initialized, skipping
Refreshing native plugins compatible for Editor in 0.18 ms, found 0 plugins.
Preloading 0 native plugins for Editor in 0.00 ms.
Unloading 1113 Unused Serialized files (Serialized files now loaded: 0)
System memory in use before: 75.0 MB.
System memory in use after: 75.1 MB.

Unloading 4 unused Assets to reduce memory usage. Loaded Objects now: 1677.
Total: 1.795700 ms (FindLiveObjects: 0.160300 ms CreateObjectMapping: 0.027900 ms MarkObjects: 1.590500 ms  DeleteObjects: 0.015700 ms)

========================================================================
Received Prepare
Registering precompiled user dll's ...
Registered in 0.000736 seconds.
Begin MonoManager ReloadAssembly
Native extension for WindowsStandalone target not found
Native extension for OSXStandalone target not found
Native extension for WebGL target not found
Refreshing native plugins compatible for Editor in 0.25 ms, found 0 plugins.
Preloading 0 native plugins for Editor in 0.00 ms.
Invoked RoslynAnalysisRunner static constructor.
RoslynAnalysisRunner will not be running.
RoslynAnalysisRunner has terminated.
Mono: successfully reloaded assembly
- Completed reload, in  0.602 seconds
Platform modules already initialized, skipping
Refreshing native plugins compatible for Editor in 0.24 ms, found 0 plugins.
Preloading 0 native plugins for Editor in 0.00 ms.
Unloading 1113 Unused Serialized files (Serialized files now loaded: 0)
System memory in use before: 75.0 MB.
System memory in use after: 75.1 MB.

Unloading 4 unused Assets to reduce memory usage. Loaded Objects now: 1680.
Total: 2.026500 ms (FindLiveObjects: 0.321400 ms CreateObjectMapping: 0.038500 ms MarkObjects: 1.650300 ms  DeleteObjects: 0.014300 ms)

AssetImportWorkerClient::OnTransportError - code=2 error=End of file
